2019-06-04 10:53:58.424  INFO 8968 --- [main] c.e.f.FileserverApplicationTests         : Starting FileserverApplicationTests on edge-PC with PID 8968 (started by Admini in D:\IdeaProjects\pg\fileserver)
2019-06-04 10:53:58.424  INFO 8968 --- [main] c.e.f.FileserverApplicationTests         : No active profile set, falling back to default profiles: default
2019-06-04 10:53:58.486  INFO 8968 --- [main] o.s.w.c.s.GenericWebApplicationContext   : Refreshing org.springframework.web.context.support.GenericWebApplicationContext@5ddeb7cb: startup date [Tue Jun 04 10:53:58 CST 2019]; root of context hierarchy
2019-06-04 10:54:00.267  INFO 8968 --- [main] s.w.s.m.m.a.RequestMappingHandlerMapping : Mapped "{[/uploadfile],methods=[POST],consumes=[multipart/form-data]}" onto public com.example.fileserver.Result com.example.fileserver.control.Control.uploadfile(java.lang.String,org.springframework.web.multipart.MultipartFile) throws java.io.IOException
2019-06-04 10:54:00.267  INFO 8968 --- [main] s.w.s.m.m.a.RequestMappingHandlerMapping : Mapped "{[/createdir],methods=[POST]}" onto public com.example.fileserver.Result com.example.fileserver.control.Control.createdir(java.lang.String,java.lang.String)
2019-06-04 10:54:00.267  INFO 8968 --- [main] s.w.s.m.m.a.RequestMappingHandlerMapping : Mapped "{[/downloadfile],methods=[POST || GET]}" onto public void com.example.fileserver.control.Control.downloadfile(java.lang.String,java.lang.String,javax.servlet.http.HttpServletResponse)
2019-06-04 10:54:00.267  INFO 8968 --- [main] s.w.s.m.m.a.RequestMappingHandlerMapping : Mapped "{[/listfile],methods=[POST]}" onto public com.example.fileserver.Result com.example.fileserver.control.Control.listfile(java.lang.String)
2019-06-04 10:54:00.267  INFO 8968 --- [main] s.w.s.m.m.a.RequestMappingHandlerMapping : Mapped "{[/delfile],methods=[POST]}" onto public com.example.fileserver.Result com.example.fileserver.control.Control.delfile(java.lang.String,java.lang.String)
2019-06-04 10:54:00.267  INFO 8968 --- [main] s.w.s.m.m.a.RequestMappingHandlerMapping : Mapped "{[/listdir],methods=[POST]}" onto public com.example.fileserver.Result com.example.fileserver.control.Control.listdir(java.lang.String)
2019-06-04 10:54:00.267  INFO 8968 --- [main] s.w.s.m.m.a.RequestMappingHandlerMapping : Mapped "{[/deldir],methods=[POST]}" onto public com.example.fileserver.Result com.example.fileserver.control.Control.deldir(java.lang.String,java.lang.String)
2019-06-04 10:54:00.267  INFO 8968 --- [main] s.w.s.m.m.a.RequestMappingHandlerMapping : Mapped "{[/existfile],methods=[POST]}" onto public com.example.fileserver.Result com.example.fileserver.control.Control.existfile(java.lang.String,java.lang.String)
2019-06-04 10:54:00.267  INFO 8968 --- [main] s.w.s.m.m.a.RequestMappingHandlerMapping : Mapped "{[/existdir],methods=[POST]}" onto public com.example.fileserver.Result com.example.fileserver.control.Control.existdir(java.lang.String)
2019-06-04 10:54:00.267  INFO 8968 --- [main] s.w.s.m.m.a.RequestMappingHandlerMapping : Mapped "{[/v2/api-docs],methods=[GET],produces=[application/json || application/hal+json]}" onto public org.springframework.http.ResponseEntity<springfox.documentation.spring.web.json.Json> springfox.documentation.swagger2.web.Swagger2Controller.getDocumentation(java.lang.String,javax.servlet.http.HttpServletRequest)
2019-06-04 10:54:00.282  INFO 8968 --- [main] s.w.s.m.m.a.RequestMappingHandlerMapping : Mapped "{[/swagger-resources/configuration/security]}" onto org.springframework.http.ResponseEntity<springfox.documentation.swagger.web.SecurityConfiguration> springfox.documentation.swagger.web.ApiResourceController.securityConfiguration()
2019-06-04 10:54:00.282  INFO 8968 --- [main] s.w.s.m.m.a.RequestMappingHandlerMapping : Mapped "{[/swagger-resources/configuration/ui]}" onto org.springframework.http.ResponseEntity<springfox.documentation.swagger.web.UiConfiguration> springfox.documentation.swagger.web.ApiResourceController.uiConfiguration()
2019-06-04 10:54:00.282  INFO 8968 --- [main] s.w.s.m.m.a.RequestMappingHandlerMapping : Mapped "{[/swagger-resources]}" onto org.springframework.http.ResponseEntity<java.util.List<springfox.documentation.swagger.web.SwaggerResource>> springfox.documentation.swagger.web.ApiResourceController.swaggerResources()
2019-06-04 10:54:00.282  INFO 8968 --- [main] s.w.s.m.m.a.RequestMappingHandlerMapping : Mapped "{[/error]}" onto public org.springframework.http.ResponseEntity<java.util.Map<java.lang.String, java.lang.Object>> org.springframework.boot.autoconfigure.web.servlet.error.BasicErrorController.error(javax.servlet.http.HttpServletRequest)
2019-06-04 10:54:00.282  INFO 8968 --- [main] s.w.s.m.m.a.RequestMappingHandlerMapping : Mapped "{[/error],produces=[text/html]}" onto public org.springframework.web.servlet.ModelAndView org.springframework.boot.autoconfigure.web.servlet.error.BasicErrorController.errorHtml(javax.servlet.http.HttpServletRequest,javax.servlet.http.HttpServletResponse)
2019-06-04 10:54:00.719  INFO 8968 --- [main] s.w.s.m.m.a.RequestMappingHandlerAdapter : Looking for @ControllerAdvice: org.springframework.web.context.support.GenericWebApplicationContext@5ddeb7cb: startup date [Tue Jun 04 10:53:58 CST 2019]; root of context hierarchy
2019-06-04 10:54:00.782  INFO 8968 --- [main] o.s.w.s.handler.SimpleUrlHandlerMapping  : Mapped URL path [/webjars/**] onto handler of type [class org.springframework.web.servlet.resource.ResourceHttpRequestHandler]
2019-06-04 10:54:00.782  INFO 8968 --- [main] o.s.w.s.handler.SimpleUrlHandlerMapping  : Mapped URL path [/**] onto handler of type [class org.springframework.web.servlet.resource.ResourceHttpRequestHandler]
2019-06-04 10:54:00.828  INFO 8968 --- [main] o.s.w.s.handler.SimpleUrlHandlerMapping  : Mapped URL path [/**/favicon.ico] onto handler of type [class org.springframework.web.servlet.resource.ResourceHttpRequestHandler]
2019-06-04 10:54:01.109  INFO 8968 --- [main] o.s.c.support.DefaultLifecycleProcessor  : Starting beans in phase 2147483647
2019-06-04 10:54:01.109  INFO 8968 --- [main] d.s.w.p.DocumentationPluginsBootstrapper : Context refreshed
2019-06-04 10:54:01.125  INFO 8968 --- [main] d.s.w.p.DocumentationPluginsBootstrapper : Found 1 custom documentation plugin(s)
2019-06-04 10:54:01.140  INFO 8968 --- [main] s.d.s.w.s.ApiListingReferenceScanner     : Scanning for api listing references
2019-06-04 10:54:01.328  INFO 8968 --- [main] c.e.f.FileserverApplicationTests         : Started FileserverApplicationTests in 3.185 seconds (JVM running for 4.256)
2019-06-04 10:54:01.749  INFO 8968 --- [Thread-2] o.s.w.c.s.GenericWebApplicationContext   : Closing org.springframework.web.context.support.GenericWebApplicationContext@5ddeb7cb: startup date [Tue Jun 04 10:53:58 CST 2019]; root of context hierarchy
2019-06-04 10:54:01.749  INFO 8968 --- [Thread-2] o.s.c.support.DefaultLifecycleProcessor  : Stopping beans in phase 2147483647
2019-06-04 11:03:59.839  INFO 4548 --- [main] c.e.f.FileserverApplicationTests         : Starting FileserverApplicationTests on edge-PC with PID 4548 (started by Admini in D:\IdeaProjects\pg\fileserver)
2019-06-04 11:03:59.839  INFO 4548 --- [main] c.e.f.FileserverApplicationTests         : No active profile set, falling back to default profiles: default
2019-06-04 11:03:59.879  INFO 4548 --- [main] o.s.w.c.s.GenericWebApplicationContext   : Refreshing org.springframework.web.context.support.GenericWebApplicationContext@5ddeb7cb: startup date [Tue Jun 04 11:03:59 CST 2019]; root of context hierarchy
2019-06-04 11:04:01.636  INFO 4548 --- [main] s.w.s.m.m.a.RequestMappingHandlerMapping : Mapped "{[/listdir],methods=[POST]}" onto public com.example.fileserver.Result com.example.fileserver.control.Control.listdir(java.lang.String)
2019-06-04 11:04:01.636  INFO 4548 --- [main] s.w.s.m.m.a.RequestMappingHandlerMapping : Mapped "{[/deldir],methods=[POST]}" onto public com.example.fileserver.Result com.example.fileserver.control.Control.deldir(java.lang.String,java.lang.String)
2019-06-04 11:04:01.636  INFO 4548 --- [main] s.w.s.m.m.a.RequestMappingHandlerMapping : Mapped "{[/listfile],methods=[POST]}" onto public com.example.fileserver.Result com.example.fileserver.control.Control.listfile(java.lang.String)
2019-06-04 11:04:01.636  INFO 4548 --- [main] s.w.s.m.m.a.RequestMappingHandlerMapping : Mapped "{[/delfile],methods=[POST]}" onto public com.example.fileserver.Result com.example.fileserver.control.Control.delfile(java.lang.String,java.lang.String)
2019-06-04 11:04:01.636  INFO 4548 --- [main] s.w.s.m.m.a.RequestMappingHandlerMapping : Mapped "{[/existfile],methods=[POST]}" onto public com.example.fileserver.Result com.example.fileserver.control.Control.existfile(java.lang.String,java.lang.String)
2019-06-04 11:04:01.636  INFO 4548 --- [main] s.w.s.m.m.a.RequestMappingHandlerMapping : Mapped "{[/existdir],methods=[POST]}" onto public com.example.fileserver.Result com.example.fileserver.control.Control.existdir(java.lang.String)
2019-06-04 11:04:01.636  INFO 4548 --- [main] s.w.s.m.m.a.RequestMappingHandlerMapping : Mapped "{[/uploadfile],methods=[POST],consumes=[multipart/form-data]}" onto public com.example.fileserver.Result com.example.fileserver.control.Control.uploadfile(java.lang.String,org.springframework.web.multipart.MultipartFile) throws java.io.IOException
2019-06-04 11:04:01.636  INFO 4548 --- [main] s.w.s.m.m.a.RequestMappingHandlerMapping : Mapped "{[/createdir],methods=[POST]}" onto public com.example.fileserver.Result com.example.fileserver.control.Control.createdir(java.lang.String,java.lang.String)
2019-06-04 11:04:01.636  INFO 4548 --- [main] s.w.s.m.m.a.RequestMappingHandlerMapping : Mapped "{[/downloadfile],methods=[POST || GET]}" onto public void com.example.fileserver.control.Control.downloadfile(java.lang.String,java.lang.String,javax.servlet.http.HttpServletResponse)
2019-06-04 11:04:01.636  INFO 4548 --- [main] s.w.s.m.m.a.RequestMappingHandlerMapping : Mapped "{[/v2/api-docs],methods=[GET],produces=[application/json || application/hal+json]}" onto public org.springframework.http.ResponseEntity<springfox.documentation.spring.web.json.Json> springfox.documentation.swagger2.web.Swagger2Controller.getDocumentation(java.lang.String,javax.servlet.http.HttpServletRequest)
2019-06-04 11:04:01.636  INFO 4548 --- [main] s.w.s.m.m.a.RequestMappingHandlerMapping : Mapped "{[/swagger-resources/configuration/ui]}" onto org.springframework.http.ResponseEntity<springfox.documentation.swagger.web.UiConfiguration> springfox.documentation.swagger.web.ApiResourceController.uiConfiguration()
2019-06-04 11:04:01.636  INFO 4548 --- [main] s.w.s.m.m.a.RequestMappingHandlerMapping : Mapped "{[/swagger-resources]}" onto org.springframework.http.ResponseEntity<java.util.List<springfox.documentation.swagger.web.SwaggerResource>> springfox.documentation.swagger.web.ApiResourceController.swaggerResources()
2019-06-04 11:04:01.636  INFO 4548 --- [main] s.w.s.m.m.a.RequestMappingHandlerMapping : Mapped "{[/swagger-resources/configuration/security]}" onto org.springframework.http.ResponseEntity<springfox.documentation.swagger.web.SecurityConfiguration> springfox.documentation.swagger.web.ApiResourceController.securityConfiguration()
2019-06-04 11:04:01.652  INFO 4548 --- [main] s.w.s.m.m.a.RequestMappingHandlerMapping : Mapped "{[/error]}" onto public org.springframework.http.ResponseEntity<java.util.Map<java.lang.String, java.lang.Object>> org.springframework.boot.autoconfigure.web.servlet.error.BasicErrorController.error(javax.servlet.http.HttpServletRequest)
2019-06-04 11:04:01.652  INFO 4548 --- [main] s.w.s.m.m.a.RequestMappingHandlerMapping : Mapped "{[/error],produces=[text/html]}" onto public org.springframework.web.servlet.ModelAndView org.springframework.boot.autoconfigure.web.servlet.error.BasicErrorController.errorHtml(javax.servlet.http.HttpServletRequest,javax.servlet.http.HttpServletResponse)
2019-06-04 11:04:02.129  INFO 4548 --- [main] s.w.s.m.m.a.RequestMappingHandlerAdapter : Looking for @ControllerAdvice: org.springframework.web.context.support.GenericWebApplicationContext@5ddeb7cb: startup date [Tue Jun 04 11:03:59 CST 2019]; root of context hierarchy
2019-06-04 11:04:02.192  INFO 4548 --- [main] o.s.w.s.handler.SimpleUrlHandlerMapping  : Mapped URL path [/webjars/**] onto handler of type [class org.springframework.web.servlet.resource.ResourceHttpRequestHandler]
2019-06-04 11:04:02.192  INFO 4548 --- [main] o.s.w.s.handler.SimpleUrlHandlerMapping  : Mapped URL path [/**] onto handler of type [class org.springframework.web.servlet.resource.ResourceHttpRequestHandler]
2019-06-04 11:04:02.223  INFO 4548 --- [main] o.s.w.s.handler.SimpleUrlHandlerMapping  : Mapped URL path [/**/favicon.ico] onto handler of type [class org.springframework.web.servlet.resource.ResourceHttpRequestHandler]
2019-06-04 11:04:02.504  INFO 4548 --- [main] o.s.c.support.DefaultLifecycleProcessor  : Starting beans in phase 2147483647
2019-06-04 11:04:02.504  INFO 4548 --- [main] d.s.w.p.DocumentationPluginsBootstrapper : Context refreshed
2019-06-04 11:04:02.535  INFO 4548 --- [main] d.s.w.p.DocumentationPluginsBootstrapper : Found 1 custom documentation plugin(s)
2019-06-04 11:04:02.535  INFO 4548 --- [main] s.d.s.w.s.ApiListingReferenceScanner     : Scanning for api listing references
2019-06-04 11:04:02.738  INFO 4548 --- [main] c.e.f.FileserverApplicationTests         : Started FileserverApplicationTests in 3.211 seconds (JVM running for 4.016)
2019-06-04 11:04:08.986  INFO 4548 --- [Thread-2] o.s.w.c.s.GenericWebApplicationContext   : Closing org.springframework.web.context.support.GenericWebApplicationContext@5ddeb7cb: startup date [Tue Jun 04 11:03:59 CST 2019]; root of context hierarchy
2019-06-04 11:04:08.988  INFO 4548 --- [Thread-2] o.s.c.support.DefaultLifecycleProcessor  : Stopping beans in phase 2147483647
2019-06-04 13:57:10.439  INFO 9264 --- [main] c.e.f.FileserverApplicationTests         : Starting FileserverApplicationTests on edge-PC with PID 9264 (started by Admini in D:\IdeaProjects\pg\fileserver)
2019-06-04 13:57:10.440  INFO 9264 --- [main] c.e.f.FileserverApplicationTests         : No active profile set, falling back to default profiles: default
2019-06-04 13:57:10.479  INFO 9264 --- [main] o.s.w.c.s.GenericWebApplicationContext   : Refreshing org.springframework.web.context.support.GenericWebApplicationContext@8462f31: startup date [Tue Jun 04 13:57:10 CST 2019]; root of context hierarchy
2019-06-04 13:57:12.369  INFO 9264 --- [main] s.w.s.m.m.a.RequestMappingHandlerMapping : Mapped "{[/delfile],methods=[POST]}" onto public com.example.fileserver.Result com.example.fileserver.control.Control.delfile(java.lang.String,java.lang.String)
2019-06-04 13:57:12.371  INFO 9264 --- [main] s.w.s.m.m.a.RequestMappingHandlerMapping : Mapped "{[/listfile],methods=[POST]}" onto public com.example.fileserver.Result com.example.fileserver.control.Control.listfile(java.lang.String)
2019-06-04 13:57:12.373  INFO 9264 --- [main] s.w.s.m.m.a.RequestMappingHandlerMapping : Mapped "{[/listdir],methods=[POST]}" onto public com.example.fileserver.Result com.example.fileserver.control.Control.listdir(java.lang.String)
2019-06-04 13:57:12.373  INFO 9264 --- [main] s.w.s.m.m.a.RequestMappingHandlerMapping : Mapped "{[/deldir],methods=[POST]}" onto public com.example.fileserver.Result com.example.fileserver.control.Control.deldir(java.lang.String,java.lang.String)
2019-06-04 13:57:12.374  INFO 9264 --- [main] s.w.s.m.m.a.RequestMappingHandlerMapping : Mapped "{[/existfile],methods=[POST]}" onto public com.example.fileserver.Result com.example.fileserver.control.Control.existfile(java.lang.String,java.lang.String)
2019-06-04 13:57:12.381  INFO 9264 --- [main] s.w.s.m.m.a.RequestMappingHandlerMapping : Mapped "{[/existdir],methods=[POST]}" onto public com.example.fileserver.Result com.example.fileserver.control.Control.existdir(java.lang.String)
2019-06-04 13:57:12.382  INFO 9264 --- [main] s.w.s.m.m.a.RequestMappingHandlerMapping : Mapped "{[/uploadfile],methods=[POST],consumes=[multipart/form-data]}" onto public com.example.fileserver.Result com.example.fileserver.control.Control.uploadfile(java.lang.String,org.springframework.web.multipart.MultipartFile) throws java.io.IOException
2019-06-04 13:57:12.383  INFO 9264 --- [main] s.w.s.m.m.a.RequestMappingHandlerMapping : Mapped "{[/createdir],methods=[POST]}" onto public com.example.fileserver.Result com.example.fileserver.control.Control.createdir(java.lang.String,java.lang.String)
2019-06-04 13:57:12.383  INFO 9264 --- [main] s.w.s.m.m.a.RequestMappingHandlerMapping : Mapped "{[/downloadfile],methods=[POST || GET]}" onto public void com.example.fileserver.control.Control.downloadfile(java.lang.String,java.lang.String,javax.servlet.http.HttpServletResponse)
2019-06-04 13:57:12.386  INFO 9264 --- [main] s.w.s.m.m.a.RequestMappingHandlerMapping : Mapped "{[/v2/api-docs],methods=[GET],produces=[application/json || application/hal+json]}" onto public org.springframework.http.ResponseEntity<springfox.documentation.spring.web.json.Json> springfox.documentation.swagger2.web.Swagger2Controller.getDocumentation(java.lang.String,javax.servlet.http.HttpServletRequest)
2019-06-04 13:57:12.390  INFO 9264 --- [main] s.w.s.m.m.a.RequestMappingHandlerMapping : Mapped "{[/swagger-resources/configuration/security]}" onto org.springframework.http.ResponseEntity<springfox.documentation.swagger.web.SecurityConfiguration> springfox.documentation.swagger.web.ApiResourceController.securityConfiguration()
2019-06-04 13:57:12.391  INFO 9264 --- [main] s.w.s.m.m.a.RequestMappingHandlerMapping : Mapped "{[/swagger-resources/configuration/ui]}" onto org.springframework.http.ResponseEntity<springfox.documentation.swagger.web.UiConfiguration> springfox.documentation.swagger.web.ApiResourceController.uiConfiguration()
2019-06-04 13:57:12.392  INFO 9264 --- [main] s.w.s.m.m.a.RequestMappingHandlerMapping : Mapped "{[/swagger-resources]}" onto org.springframework.http.ResponseEntity<java.util.List<springfox.documentation.swagger.web.SwaggerResource>> springfox.documentation.swagger.web.ApiResourceController.swaggerResources()
2019-06-04 13:57:12.398  INFO 9264 --- [main] s.w.s.m.m.a.RequestMappingHandlerMapping : Mapped "{[/error]}" onto public org.springframework.http.ResponseEntity<java.util.Map<java.lang.String, java.lang.Object>> org.springframework.boot.autoconfigure.web.servlet.error.BasicErrorController.error(javax.servlet.http.HttpServletRequest)
2019-06-04 13:57:12.399  INFO 9264 --- [main] s.w.s.m.m.a.RequestMappingHandlerMapping : Mapped "{[/error],produces=[text/html]}" onto public org.springframework.web.servlet.ModelAndView org.springframework.boot.autoconfigure.web.servlet.error.BasicErrorController.errorHtml(javax.servlet.http.HttpServletRequest,javax.servlet.http.HttpServletResponse)
2019-06-04 13:57:12.981  INFO 9264 --- [main] s.w.s.m.m.a.RequestMappingHandlerAdapter : Looking for @ControllerAdvice: org.springframework.web.context.support.GenericWebApplicationContext@8462f31: startup date [Tue Jun 04 13:57:10 CST 2019]; root of context hierarchy
2019-06-04 13:57:13.089  INFO 9264 --- [main] o.s.w.s.handler.SimpleUrlHandlerMapping  : Mapped URL path [/webjars/**] onto handler of type [class org.springframework.web.servlet.resource.ResourceHttpRequestHandler]
2019-06-04 13:57:13.090  INFO 9264 --- [main] o.s.w.s.handler.SimpleUrlHandlerMapping  : Mapped URL path [/**] onto handler of type [class org.springframework.web.servlet.resource.ResourceHttpRequestHandler]
2019-06-04 13:57:13.125  INFO 9264 --- [main] o.s.w.s.handler.SimpleUrlHandlerMapping  : Mapped URL path [/**/favicon.ico] onto handler of type [class org.springframework.web.servlet.resource.ResourceHttpRequestHandler]
2019-06-04 13:57:13.549  INFO 9264 --- [main] o.s.c.support.DefaultLifecycleProcessor  : Starting beans in phase 2147483647
2019-06-04 13:57:13.550  INFO 9264 --- [main] d.s.w.p.DocumentationPluginsBootstrapper : Context refreshed
2019-06-04 13:57:13.568  INFO 9264 --- [main] d.s.w.p.DocumentationPluginsBootstrapper : Found 1 custom documentation plugin(s)
2019-06-04 13:57:13.581  INFO 9264 --- [main] s.d.s.w.s.ApiListingReferenceScanner     : Scanning for api listing references
2019-06-04 13:57:13.841  INFO 9264 --- [main] c.e.f.FileserverApplicationTests         : Started FileserverApplicationTests in 3.737 seconds (JVM running for 4.532)
2019-06-04 13:57:20.043  INFO 9264 --- [Thread-2] o.s.w.c.s.GenericWebApplicationContext   : Closing org.springframework.web.context.support.GenericWebApplicationContext@8462f31: startup date [Tue Jun 04 13:57:10 CST 2019]; root of context hierarchy
2019-06-04 13:57:20.046  INFO 9264 --- [Thread-2] o.s.c.support.DefaultLifecycleProcessor  : Stopping beans in phase 2147483647
